0 info it worked if it ends with ok
1 verbose cli [ '/usr/local/bin/node', '/usr/local/bin/npm', 'start' ]
2 info using npm@2.14.12
3 info using node@v4.2.4
4 verbose run-script [ 'prestart', 'start', 'poststart' ]
5 info prestart my-project@0.0.1
6 info start my-project@0.0.1
7 verbose unsafe-perm in lifecycle true
8 info my-project@0.0.1 Failed to exec start script
9 verbose stack Error: my-project@0.0.1 start: `http-server -a 0.0.0.0 -p 8000`
9 verbose stack Exit status 1
9 verbose stack     at EventEmitter.<anonymous> (/usr/local/lib/node_modules/npm/lib/utils/lifecycle.js:214:16)
9 verbose stack     at emitTwo (events.js:87:13)
9 verbose stack     at EventEmitter.emit (events.js:172:7)
9 verbose stack     at ChildProcess.<anonymous> (/usr/local/lib/node_modules/npm/lib/utils/spawn.js:24:14)
9 verbose stack     at emitTwo (events.js:87:13)
9 verbose stack     at ChildProcess.emit (events.js:172:7)
9 verbose stack     at maybeClose (internal/child_process.js:818:16)
9 verbose stack     at Process.ChildProcess._handle.onexit (internal/child_process.js:211:5)
10 verbose pkgid my-project@0.0.1
11 verbose cwd /home/victoriya/Desktop/project
12 error Linux 3.19.0-59-generic
13 error argv "/usr/local/bin/node" "/usr/local/bin/npm" "start"
14 error node v4.2.4
15 error npm  v2.14.12
16 error code ELIFECYCLE
17 error my-project@0.0.1 start: `http-server -a 0.0.0.0 -p 8000`
17 error Exit status 1
18 error Failed at the my-project@0.0.1 start script 'http-server -a 0.0.0.0 -p 8000'.
18 error This is most likely a problem with the my-project package,
18 error not with npm itself.
18 error Tell the author that this fails on your system:
18 error     http-server -a 0.0.0.0 -p 8000
18 error You can get their info via:
18 error     npm owner ls my-project
18 error There is likely additional logging output above.
19 verbose exit [ 1, true ]
